<?xml version="1.0" encoding="UTF-8"?>
<!-- Generated by org.testng.reporters.JUnitReportReporter -->
<testsuite skipped="0" hostname="SCINDIA-PC" name="eBayApplication.AppTest" tests="1" failures="0" timestamp="2020-01-17T13:30:03 IST" time="60.442" errors="0">
  <testcase name="checkOutTest" time="60.442" classname="eBayApplication.AppTest"/>
</testsuite> <!-- eBayApplication.AppTest -->
