<?xml version="1.0" encoding="UTF-8"?>
<!-- Generated by org.testng.reporters.JUnitReportReporter -->
<testsuite skipped="0" hostname="SCINDIA-PC" name="eBayApplication.AppTest" tests="1" failures="0" timestamp="2020-01-16T21:19:20 IST" time="69.771" errors="0">
  <testcase name="checkOutTest" time="69.771" classname="eBayApplication.AppTest"/>
</testsuite> <!-- eBayApplication.AppTest -->
