<?xml version="1.0" encoding="UTF-8"?>
<!-- Generated by org.testng.reporters.JUnitReportReporter -->
<testsuite skipped="0" hostname="SCINDIA-PC" name="eBayApplication.AppTest" tests="4" failures="0" timestamp="2020-01-17T14:16:05 IST" time="285.787" errors="0">
  <testcase name="signOutTest" time="129.279" classname="eBayApplication.AppTest"/>
  <testcase name="checkOutTest" time="75.064" classname="eBayApplication.AppTest"/>
  <testcase name="loginTest" time="36.958" classname="eBayApplication.AppTest"/>
  <testcase name="failTest" time="44.486" classname="eBayApplication.AppTest"/>
</testsuite> <!-- eBayApplication.AppTest -->
